2025-08-12 17:25:25,169 - INFO - 🔍 Validating data quality...
2025-08-12 17:25:26,806 - INFO - AVGO: 469 features loaded
2025-08-12 17:25:26,866 - INFO - MSFT: 469 features loaded
2025-08-12 17:25:26,919 - INFO - NVDA: 469 features loaded
2025-08-12 17:25:26,971 - INFO - QQQ: 469 features loaded
2025-08-12 17:25:27,013 - INFO - V: 469 features loaded
2025-08-12 17:25:27,060 - INFO - AAPL: 469 features loaded
2025-08-12 17:25:27,099 - INFO - AMZN: 469 features loaded
2025-08-12 17:25:27,138 - INFO - NOW: 469 features loaded
2025-08-12 17:25:27,181 - INFO - HCA: 469 features loaded
2025-08-12 17:25:27,224 - INFO - GOOG: 469 features loaded
2025-08-12 17:25:27,269 - INFO - PLTR: 469 features loaded
2025-08-12 17:25:27,317 - INFO - TSLA: 469 features loaded
2025-08-12 17:25:27,357 - INFO - RBLX: 469 features loaded
2025-08-12 17:25:27,397 - INFO - AMD: 469 features loaded
2025-08-12 17:25:27,438 - INFO - GILD: 469 features loaded
2025-08-12 17:25:27,479 - INFO - DLR: 469 features loaded
2025-08-12 17:25:27,520 - INFO - HD: 469 features loaded
2025-08-12 17:25:27,560 - INFO - EBAY: 469 features loaded
2025-08-12 17:25:27,600 - INFO - ADP: 469 features loaded
2025-08-12 17:25:27,640 - INFO - BSX: 469 features loaded
2025-08-12 17:25:27,680 - INFO - BX: 469 features loaded
2025-08-12 17:25:27,720 - INFO - TMUS: 469 features loaded
2025-08-12 17:25:27,761 - INFO - XLU: 469 features loaded
2025-08-12 17:25:27,808 - INFO - XEL: 469 features loaded
2025-08-12 17:25:27,853 - INFO - MDLZ: 469 features loaded
2025-08-12 17:25:27,893 - INFO - EWJ: 469 features loaded
2025-08-12 17:25:27,933 - INFO - XLI: 469 features loaded
