2025-08-12 17:33:38,895 - INFO - 🔍 Validating data quality...
2025-08-12 17:33:53,939 - INFO - AVGO: 469 features loaded
2025-08-12 17:33:54,492 - INFO - MSFT: 469 features loaded
2025-08-12 17:33:55,038 - INFO - NVDA: 469 features loaded
2025-08-12 17:33:55,584 - INFO - QQQ: 469 features loaded
2025-08-12 17:33:56,114 - INFO - V: 469 features loaded
2025-08-12 17:33:56,659 - INFO - AAPL: 469 features loaded
2025-08-12 17:33:57,183 - INFO - AMZN: 469 features loaded
2025-08-12 17:33:57,714 - INFO - NOW: 469 features loaded
2025-08-12 17:33:58,260 - INFO - HCA: 469 features loaded
2025-08-12 17:33:58,786 - INFO - GOOG: 469 features loaded
2025-08-12 17:33:59,322 - INFO - PLTR: 469 features loaded
2025-08-12 17:33:59,846 - INFO - TSLA: 469 features loaded
2025-08-12 17:34:00,389 - INFO - RBLX: 469 features loaded
2025-08-12 17:34:00,926 - INFO - AMD: 469 features loaded
2025-08-12 17:34:01,504 - INFO - GILD: 469 features loaded
2025-08-12 17:34:02,061 - INFO - DLR: 469 features loaded
2025-08-12 17:34:02,627 - INFO - HD: 469 features loaded
2025-08-12 17:34:03,181 - INFO - EBAY: 469 features loaded
2025-08-12 17:34:03,714 - INFO - ADP: 469 features loaded
2025-08-12 17:34:04,242 - INFO - BSX: 469 features loaded
2025-08-12 17:34:04,781 - INFO - BX: 469 features loaded
2025-08-12 17:34:05,354 - INFO - TMUS: 469 features loaded
2025-08-12 17:34:05,884 - INFO - XLU: 469 features loaded
2025-08-12 17:34:06,440 - INFO - XEL: 469 features loaded
2025-08-12 17:34:06,999 - INFO - MDLZ: 469 features loaded
2025-08-12 17:34:07,540 - INFO - EWJ: 469 features loaded
2025-08-12 17:34:08,072 - INFO - XLI: 469 features loaded
