2025-08-12 08:29:29,666 - __main__ - INFO - ============================================================
2025-08-12 08:29:29,666 - __main__ - INFO - ðŸš€ ENHANCED WALK-FORWARD ENSEMBLE ML TRADING SYSTEM
2025-08-12 08:29:29,666 - __main__ - INFO - ============================================================
2025-08-12 08:29:29,666 - __main__ - INFO - Log file: logs/trading_system_20250812_082929.log
2025-08-12 08:29:29,670 - __main__ - INFO - ðŸ”§ Setting up environment...
2025-08-12 08:29:29,670 - __main__ - INFO - ðŸ’¾ Memory: 2.70 GB available / 8.00 GB total
2025-08-12 08:29:29,670 - __main__ - WARNING - âš ï¸  Moderate memory. Using chunk size 500
2025-08-12 08:29:29,670 - __main__ - INFO - ðŸ”§ Adjusted max workers to 4
2025-08-12 08:29:29,670 - __main__ - INFO - ðŸ–¥ï¸  CPU Cores: 8
2025-08-12 08:29:29,670 - __main__ - INFO - ðŸ’¿ Disk space: 41.01 GB free
2025-08-12 08:29:29,670 - __main__ - INFO - ðŸ“ Directory ensured: data
2025-08-12 08:29:29,670 - __main__ - INFO - ðŸ“ Directory ensured: models
2025-08-12 08:29:29,670 - __main__ - INFO - ðŸ“ Directory ensured: results
2025-08-12 08:29:29,671 - __main__ - INFO - ðŸ“ Directory ensured: logs
2025-08-12 08:29:29,671 - __main__ - INFO - ðŸ“ Directory ensured: reports
2025-08-12 08:29:29,671 - __main__ - INFO - ðŸ“ Directory ensured: cache
2025-08-12 08:29:29,671 - __main__ - INFO - ðŸ“ Directory ensured: cache/temp
2025-08-12 08:29:29,671 - __main__ - INFO - ðŸ“ Directory ensured: cache/backup
2025-08-12 08:29:29,671 - __main__ - INFO - âœ… Environment setup complete
2025-08-12 08:29:29,671 - __main__ - INFO - ðŸš€ Starting enhanced data processing...
2025-08-12 08:29:29,671 - __main__ - INFO - ðŸ“¥ Loading and processing data...
2025-08-12 08:29:29,671 - __main__ - INFO - ðŸ” Auto-detecting data parameters...
2025-08-12 08:29:29,671 - __main__ - INFO - ðŸ“Š File size: 1.94 MB
2025-08-12 08:29:29,671 - __main__ - INFO - ðŸŽ¯ Auto-detected parameters: {'chunk_size': 200, 'use_numba': False, 'max_features': 100, 'pca_components': 30}
2025-08-12 08:29:30,546 - data_processor - INFO - SmartDataProcessor initialized with 4 workers
2025-08-12 08:29:30,546 - data_processor - INFO - Auto-detection enabled: True
2025-08-12 08:29:30,546 - __main__ - INFO - ðŸ”„ Processing data with auto-detection...
2025-08-12 08:29:30,546 - data_processor - INFO - Loading and processing data from QQQ_20250809_155753_cleaned_v2.csv
2025-08-12 08:29:30,546 - data_processor - INFO - Loading data from QQQ_20250809_155753_cleaned_v2.csv
2025-08-12 08:29:30,546 - data_processor - INFO - Available memory: 2.65 GB
2025-08-12 08:29:30,558 - data_processor - INFO - Date column processed, valid dates: 3769
2025-08-12 08:29:30,558 - data_processor - INFO - Data loaded successfully: (3769, 32)
2025-08-12 08:29:30,558 - data_processor - INFO - Assessing data quality...
2025-08-12 08:29:30,563 - data_processor - INFO - Data quality metrics: {'null_ratio': 1.0, 'inf_ratio': 1.0, 'constant_ratio': 1.0, 'duplicate_ratio': 1.0}
2025-08-12 08:29:30,563 - data_processor - INFO - Overall quality score: 1.000
2025-08-12 08:29:30,563 - data_processor - INFO - Auto-detecting optimal splits...
2025-08-12 08:29:30,565 - data_processor - INFO - Optimal splits detected: {'train_ratio': 0.7, 'train_size': 2638, 'test_size': 1131, 'split_type': 'stratified', 'score': 0.9959561975587701}
2025-08-12 08:29:30,565 - data_processor - INFO - Auto-cleaning data...
2025-08-12 08:29:30,574 - data_processor - INFO - Auto-cleaning complete. Shape: (3769, 32) -> (3769, 31)
2025-08-12 08:29:30,574 - data_processor - INFO - Cleaning steps: ['removed_1_constant_columns', 'dtype_optimization']
2025-08-12 08:29:30,574 - data_processor - INFO - Auto-engineering features...
2025-08-12 08:29:30,574 - data_processor - INFO - Feature plan: {'price_features': True, 'technical_indicators': True, 'rolling_features': True, 'volatility_features': True, 'correlation_features': True, 'custom_features': True, 'volume_features': True}
2025-08-12 08:29:30,729 - data_processor - INFO - Auto-selecting optimal features...
2025-08-12 08:29:30,742 - data_processor - WARNING - Feature selection failed: Input X contains NaN.. Using all features.
2025-08-12 08:29:30,743 - data_processor - INFO - Preparing walk-forward data...
2025-08-12 08:29:30,751 - data_processor - INFO - Selected 583 numeric feature columns
2025-08-12 08:29:30,751 - data_processor - INFO - Feature columns: ['Open', 'High', 'Low', 'Close', 'Volume', 'Daily_Return', 'Price_Range', 'Price_Range_Pct', 'Typical_Price', 'VWAP']...
2025-08-12 08:29:30,755 - data_processor - INFO - NaN values in X before final cleaning: 35032
2025-08-12 08:29:30,755 - data_processor - INFO - NaN values in y before final cleaning: 0
2025-08-12 08:29:30,771 - data_processor - INFO - Walk-forward data prepared: X=(3769, 583), y=(3769,)
2025-08-12 08:29:30,772 - data_processor - INFO - Final NaN check - X: 0, y: 0
2025-08-12 08:29:30,773 - data_processor - INFO - Assessing data quality...
2025-08-12 08:29:30,868 - data_processor - INFO - Data quality metrics: {'null_ratio': 0.9841114988899547, 'inf_ratio': 1.0, 'constant_ratio': 1.0, 'duplicate_ratio': 1.0}
2025-08-12 08:29:30,868 - data_processor - INFO - Overall quality score: 0.996
2025-08-12 08:29:30,868 - data_processor - INFO - Final data quality score: 0.996
2025-08-12 08:29:30,868 - __main__ - INFO - âœ… Data processing complete. Shape: (3769, 585)
2025-08-12 08:29:30,868 - __main__ - INFO - ðŸŽ¯ Feature count: 585
2025-08-12 08:29:30,869 - __main__ - INFO - ðŸ”„ Preparing walk-forward data...
2025-08-12 08:29:30,869 - data_processor - INFO - SmartDataProcessor initialized with 4 workers
2025-08-12 08:29:30,869 - data_processor - INFO - Auto-detection enabled: True
2025-08-12 08:29:30,869 - data_processor - INFO - Preparing walk-forward data...
2025-08-12 08:29:30,877 - data_processor - INFO - Selected 583 numeric feature columns
2025-08-12 08:29:30,877 - data_processor - INFO - Feature columns: ['Open', 'High', 'Low', 'Close', 'Volume', 'Daily_Return', 'Price_Range', 'Price_Range_Pct', 'Typical_Price', 'VWAP']...
2025-08-12 08:29:30,880 - data_processor - INFO - NaN values in X before final cleaning: 35032
2025-08-12 08:29:30,880 - data_processor - INFO - NaN values in y before final cleaning: 0
2025-08-12 08:29:30,895 - data_processor - INFO - Walk-forward data prepared: X=(3769, 583), y=(3769,)
2025-08-12 08:29:30,896 - data_processor - INFO - Final NaN check - X: 0, y: 0
2025-08-12 08:29:30,897 - __main__ - INFO - ðŸ¤– Starting ensemble optimization...
2025-08-12 08:29:30,897 - __main__ - INFO - ðŸ¤– Running ensemble optimization...
2025-08-12 08:29:31,195 - models - INFO - ModelEnsemble initialized with 4 jobs
2025-08-12 08:29:31,196 - models - INFO - Initialized 9 base models
2025-08-12 08:29:31,196 - __main__ - INFO - ðŸ”§ Auto-tuning hyperparameters...
2025-08-12 08:29:31,196 - models - INFO - Starting individual model optimization...
2025-08-12 08:29:31,196 - models - INFO - Optimizing RandomForest...
2025-08-12 08:29:31,196 - models - INFO - Optimizing GradientBoosting...
2025-08-12 08:29:31,196 - models - INFO - Optimizing XGBoost...
2025-08-12 08:29:31,197 - models - INFO - Optimizing LightGBM...
2025-08-12 08:30:48,920 - models - INFO - Optimizing CatBoost...
2025-08-12 08:39:10,904 - models - INFO - Optimizing ElasticNet...
2025-08-12 08:39:30,607 - models - INFO - Optimizing Ridge...
2025-08-12 08:39:32,631 - models - INFO - Optimizing SVM...
2025-08-12 08:39:33,069 - models - INFO - Optimizing NeuralNetwork...
2025-08-12 09:16:33,804 - data_processor - INFO - Shutdown signal received. Cleaning up...
2025-08-12 09:16:35,816 - data_processor - INFO - Shutdown signal received. Cleaning up...
2025-08-12 09:16:35,883 - __main__ - INFO - ðŸ§¹ Cleanup completed
2025-08-12 09:16:36,124 - data_processor - INFO - Shutdown signal received. Cleaning up...
