2025-08-12 08:29:21,363 - __main__ - INFO - ============================================================
2025-08-12 08:29:21,363 - __main__ - INFO - ðŸš€ ENHANCED WALK-FORWARD ENSEMBLE ML TRADING SYSTEM
2025-08-12 08:29:21,363 - __main__ - INFO - ============================================================
2025-08-12 08:29:21,363 - __main__ - INFO - Log file: logs/trading_system_20250812_082921.log
2025-08-12 08:29:21,370 - __main__ - INFO - ðŸ”§ Setting up environment...
2025-08-12 08:29:21,370 - __main__ - INFO - ðŸ’¾ Memory: 2.79 GB available / 8.00 GB total
2025-08-12 08:29:21,370 - __main__ - WARNING - âš ï¸  Moderate memory. Using chunk size 500
2025-08-12 08:29:21,370 - __main__ - INFO - ðŸ”§ Adjusted max workers to 4
2025-08-12 08:29:21,370 - __main__ - INFO - ðŸ–¥ï¸  CPU Cores: 8
2025-08-12 08:29:21,370 - __main__ - INFO - ðŸ’¿ Disk space: 41.01 GB free
2025-08-12 08:29:21,370 - __main__ - INFO - ðŸ“ Directory ensured: data
2025-08-12 08:29:21,370 - __main__ - INFO - ðŸ“ Directory ensured: models
2025-08-12 08:29:21,370 - __main__ - INFO - ðŸ“ Directory ensured: results
2025-08-12 08:29:21,370 - __main__ - INFO - ðŸ“ Directory ensured: logs
2025-08-12 08:29:21,370 - __main__ - INFO - ðŸ“ Directory ensured: reports
2025-08-12 08:29:21,370 - __main__ - INFO - ðŸ“ Directory ensured: cache
2025-08-12 08:29:21,370 - __main__ - INFO - ðŸ“ Directory ensured: cache/temp
2025-08-12 08:29:21,370 - __main__ - INFO - ðŸ“ Directory ensured: cache/backup
2025-08-12 08:29:21,370 - __main__ - INFO - âœ… Environment setup complete
2025-08-12 08:29:21,370 - __main__ - INFO - ðŸš€ Starting enhanced data processing...
2025-08-12 08:29:21,370 - __main__ - INFO - ðŸ“¥ Loading and processing data...
2025-08-12 08:29:21,370 - __main__ - INFO - ðŸ” Auto-detecting data parameters...
2025-08-12 08:29:21,371 - __main__ - INFO - ðŸ“Š File size: 1.94 MB
2025-08-12 08:29:21,371 - __main__ - INFO - ðŸŽ¯ Auto-detected parameters: {'chunk_size': 200, 'use_numba': False, 'max_features': 100, 'pca_components': 30}
2025-08-12 08:29:22,758 - data_processor - INFO - SmartDataProcessor initialized with 4 workers
2025-08-12 08:29:22,758 - data_processor - INFO - Auto-detection enabled: True
2025-08-12 08:29:22,758 - __main__ - INFO - ðŸ”„ Processing data with auto-detection...
2025-08-12 08:29:22,758 - data_processor - INFO - Loading and processing data from QQQ_20250809_155753_cleaned_v2.csv
2025-08-12 08:29:22,758 - data_processor - INFO - Loading data from QQQ_20250809_155753_cleaned_v2.csv
2025-08-12 08:29:22,758 - data_processor - INFO - Available memory: 2.69 GB
2025-08-12 08:29:22,774 - data_processor - INFO - Date column processed, valid dates: 3769
2025-08-12 08:29:22,775 - data_processor - INFO - Data loaded successfully: (3769, 32)
2025-08-12 08:29:22,775 - data_processor - INFO - Assessing data quality...
2025-08-12 08:29:22,781 - data_processor - INFO - Data quality metrics: {'null_ratio': 1.0, 'inf_ratio': 1.0, 'constant_ratio': 1.0, 'duplicate_ratio': 1.0}
2025-08-12 08:29:22,781 - data_processor - INFO - Overall quality score: 1.000
2025-08-12 08:29:22,781 - data_processor - INFO - Auto-detecting optimal splits...
2025-08-12 08:29:22,784 - data_processor - INFO - Optimal splits detected: {'train_ratio': 0.7, 'train_size': 2638, 'test_size': 1131, 'split_type': 'stratified', 'score': 0.9959561975587701}
2025-08-12 08:29:22,784 - data_processor - INFO - Auto-cleaning data...
2025-08-12 08:29:22,794 - data_processor - INFO - Auto-cleaning complete. Shape: (3769, 32) -> (3769, 31)
2025-08-12 08:29:22,794 - data_processor - INFO - Cleaning steps: ['removed_1_constant_columns', 'dtype_optimization']
2025-08-12 08:29:22,794 - data_processor - INFO - Auto-engineering features...
2025-08-12 08:29:22,794 - data_processor - INFO - Feature plan: {'price_features': True, 'technical_indicators': True, 'rolling_features': True, 'volatility_features': True, 'correlation_features': True, 'custom_features': True, 'volume_features': True}
2025-08-12 08:29:22,952 - data_processor - INFO - Auto-selecting optimal features...
2025-08-12 08:29:22,961 - data_processor - INFO - Shutdown signal received. Cleaning up...
2025-08-12 08:29:22,986 - __main__ - INFO - ðŸ§¹ Cleanup completed
