2025-08-12 08:10:40,103 - __main__ - INFO - ============================================================
2025-08-12 08:10:40,103 - __main__ - INFO - ðŸš€ ENHANCED WALK-FORWARD ENSEMBLE ML TRADING SYSTEM
2025-08-12 08:10:40,103 - __main__ - INFO - ============================================================
2025-08-12 08:10:40,104 - __main__ - INFO - Log file: logs/trading_system_20250812_081040.log
2025-08-12 08:10:40,125 - __main__ - INFO - ðŸ”§ Setting up environment...
2025-08-12 08:10:40,125 - __main__ - INFO - ðŸ’¾ Memory: 2.81 GB available / 8.00 GB total
2025-08-12 08:10:40,126 - __main__ - WARNING - âš ï¸  Moderate memory. Using chunk size 500
2025-08-12 08:10:40,126 - __main__ - INFO - ðŸ”§ Adjusted max workers to 4
2025-08-12 08:10:40,126 - __main__ - INFO - ðŸ–¥ï¸  CPU Cores: 8
2025-08-12 08:10:40,126 - __main__ - INFO - ðŸ’¿ Disk space: 46.04 GB free
2025-08-12 08:10:40,126 - __main__ - INFO - ðŸ“ Directory ensured: data
2025-08-12 08:10:40,126 - __main__ - INFO - ðŸ“ Directory ensured: models
2025-08-12 08:10:40,126 - __main__ - INFO - ðŸ“ Directory ensured: results
2025-08-12 08:10:40,126 - __main__ - INFO - ðŸ“ Directory ensured: logs
2025-08-12 08:10:40,126 - __main__ - INFO - ðŸ“ Directory ensured: reports
2025-08-12 08:10:40,126 - __main__ - INFO - ðŸ“ Directory ensured: cache
2025-08-12 08:10:40,126 - __main__ - INFO - ðŸ“ Directory ensured: cache/temp
2025-08-12 08:10:40,126 - __main__ - INFO - ðŸ“ Directory ensured: cache/backup
2025-08-12 08:10:40,126 - __main__ - INFO - âœ… Environment setup complete
2025-08-12 08:10:40,126 - __main__ - INFO - ðŸš€ Starting enhanced data processing...
2025-08-12 08:10:40,126 - __main__ - INFO - ðŸ“¥ Loading and processing data...
2025-08-12 08:10:40,126 - __main__ - INFO - ðŸ” Auto-detecting data parameters...
2025-08-12 08:10:40,126 - __main__ - INFO - ðŸ“Š File size: 1.94 MB
2025-08-12 08:10:40,126 - __main__ - INFO - ðŸŽ¯ Auto-detected parameters: {'chunk_size': 200, 'use_numba': False, 'max_features': 100, 'pca_components': 30}
2025-08-12 08:10:42,710 - data_processor - INFO - SmartDataProcessor initialized with 4 workers
2025-08-12 08:10:42,710 - data_processor - INFO - Auto-detection enabled: True
2025-08-12 08:10:42,710 - __main__ - INFO - ðŸ”„ Processing data with auto-detection...
2025-08-12 08:10:42,711 - data_processor - INFO - Loading and processing data from QQQ_20250809_155753_cleaned_v2.csv
2025-08-12 08:10:42,711 - data_processor - INFO - Loading data from QQQ_20250809_155753_cleaned_v2.csv
2025-08-12 08:10:42,711 - data_processor - INFO - Available memory: 2.76 GB
2025-08-12 08:10:42,735 - data_processor - INFO - Date column processed, valid dates: 3769
2025-08-12 08:10:42,735 - data_processor - INFO - Data loaded successfully: (3769, 32)
2025-08-12 08:10:42,736 - data_processor - INFO - Assessing data quality...
2025-08-12 08:10:42,744 - data_processor - INFO - Data quality metrics: {'null_ratio': 1.0, 'inf_ratio': 1.0, 'constant_ratio': 1.0, 'duplicate_ratio': 1.0}
2025-08-12 08:10:42,744 - data_processor - INFO - Overall quality score: 1.000
2025-08-12 08:10:42,744 - data_processor - INFO - Auto-detecting optimal splits...
2025-08-12 08:10:42,749 - data_processor - INFO - Optimal splits detected: {'train_ratio': 0.7, 'train_size': 2638, 'test_size': 1131, 'split_type': 'stratified', 'score': 0.9959561975587701}
2025-08-12 08:10:42,749 - data_processor - INFO - Auto-cleaning data...
2025-08-12 08:10:42,759 - data_processor - INFO - Auto-cleaning complete. Shape: (3769, 32) -> (3769, 31)
2025-08-12 08:10:42,759 - data_processor - INFO - Cleaning steps: ['removed_1_constant_columns', 'dtype_optimization']
2025-08-12 08:10:42,759 - data_processor - INFO - Auto-engineering features...
2025-08-12 08:10:42,759 - data_processor - INFO - Feature plan: {'price_features': True, 'technical_indicators': True, 'rolling_features': True, 'volatility_features': True, 'correlation_features': True, 'custom_features': True, 'volume_features': True}
2025-08-12 08:10:42,930 - data_processor - INFO - Auto-selecting optimal features...
2025-08-12 08:10:42,943 - data_processor - WARNING - Feature selection failed: Input X contains NaN.. Using all features.
2025-08-12 08:10:42,945 - data_processor - INFO - Preparing walk-forward data...
2025-08-12 08:10:42,952 - data_processor - INFO - Selected 583 numeric feature columns
2025-08-12 08:10:42,952 - data_processor - INFO - Feature columns: ['Open', 'High', 'Low', 'Close', 'Volume', 'Daily_Return', 'Price_Range', 'Price_Range_Pct', 'Typical_Price', 'VWAP']...
2025-08-12 08:10:42,956 - data_processor - INFO - NaN values in X before final cleaning: 35032
2025-08-12 08:10:42,956 - data_processor - INFO - NaN values in y before final cleaning: 0
2025-08-12 08:10:42,974 - data_processor - INFO - Walk-forward data prepared: X=(3769, 583), y=(3769,)
2025-08-12 08:10:42,975 - data_processor - INFO - Final NaN check - X: 0, y: 0
2025-08-12 08:10:42,976 - data_processor - INFO - Assessing data quality...
2025-08-12 08:10:43,061 - data_processor - INFO - Data quality metrics: {'null_ratio': 0.9841114988899547, 'inf_ratio': 1.0, 'constant_ratio': 1.0, 'duplicate_ratio': 1.0}
2025-08-12 08:10:43,064 - data_processor - INFO - Overall quality score: 0.996
2025-08-12 08:10:43,064 - data_processor - INFO - Final data quality score: 0.996
2025-08-12 08:10:43,065 - __main__ - INFO - âœ… Data processing complete. Shape: (3769, 585)
2025-08-12 08:10:43,065 - __main__ - INFO - ðŸŽ¯ Feature count: 585
2025-08-12 08:10:43,065 - __main__ - INFO - ðŸ”„ Preparing walk-forward data...
2025-08-12 08:10:43,065 - data_processor - INFO - SmartDataProcessor initialized with 4 workers
2025-08-12 08:10:43,065 - data_processor - INFO - Auto-detection enabled: True
2025-08-12 08:10:43,065 - data_processor - INFO - Preparing walk-forward data...
2025-08-12 08:10:43,072 - data_processor - INFO - Selected 583 numeric feature columns
2025-08-12 08:10:43,072 - data_processor - INFO - Feature columns: ['Open', 'High', 'Low', 'Close', 'Volume', 'Daily_Return', 'Price_Range', 'Price_Range_Pct', 'Typical_Price', 'VWAP']...
2025-08-12 08:10:43,076 - data_processor - INFO - NaN values in X before final cleaning: 35032
2025-08-12 08:10:43,076 - data_processor - INFO - NaN values in y before final cleaning: 0
2025-08-12 08:10:43,091 - data_processor - INFO - Walk-forward data prepared: X=(3769, 583), y=(3769,)
2025-08-12 08:10:43,094 - data_processor - INFO - Final NaN check - X: 0, y: 0
2025-08-12 08:10:43,095 - __main__ - INFO - ðŸ¤– Starting ensemble optimization...
2025-08-12 08:10:43,095 - __main__ - INFO - ðŸ¤– Running ensemble optimization...
2025-08-12 08:10:43,591 - models - INFO - ModelEnsemble initialized with 4 jobs
2025-08-12 08:10:43,595 - models - INFO - Initialized 9 base models
2025-08-12 08:10:43,595 - __main__ - INFO - ðŸ”§ Auto-tuning hyperparameters...
2025-08-12 08:10:43,596 - models - INFO - Starting individual model optimization...
2025-08-12 08:10:43,596 - models - INFO - Optimizing RandomForest...
2025-08-12 08:10:43,596 - models - INFO - Optimizing GradientBoosting...
2025-08-12 08:10:43,596 - models - INFO - Optimizing XGBoost...
2025-08-12 08:10:43,596 - models - INFO - Optimizing LightGBM...
2025-08-12 08:28:45,222 - data_processor - INFO - Shutdown signal received. Cleaning up...
2025-08-12 08:29:14,814 - data_processor - INFO - Shutdown signal received. Cleaning up...
2025-08-12 08:29:14,892 - __main__ - INFO - ðŸ§¹ Cleanup completed
2025-08-12 08:29:18,389 - data_processor - INFO - Shutdown signal received. Cleaning up...
