2025-08-12 09:56:35,616 - __main__ - INFO - ============================================================
2025-08-12 09:56:35,616 - __main__ - INFO - ðŸš€ ENHANCED WALK-FORWARD ENSEMBLE ML TRADING SYSTEM
2025-08-12 09:56:35,616 - __main__ - INFO - ============================================================
2025-08-12 09:56:35,616 - __main__ - INFO - Log file: logs/trading_system_20250812_095635.log
2025-08-12 09:56:35,623 - __main__ - INFO - ðŸ”§ Setting up environment...
2025-08-12 09:56:35,623 - __main__ - INFO - ðŸ’¾ Memory: 2.48 GB available / 8.00 GB total
2025-08-12 09:56:35,623 - __main__ - WARNING - âš ï¸  Moderate memory. Using chunk size 500
2025-08-12 09:56:35,623 - __main__ - INFO - ðŸ”§ Adjusted max workers to 4
2025-08-12 09:56:35,623 - __main__ - INFO - ðŸ–¥ï¸  CPU Cores: 8
2025-08-12 09:56:35,624 - __main__ - INFO - ðŸ’¿ Disk space: 40.86 GB free
2025-08-12 09:56:35,624 - __main__ - INFO - ðŸ“ Directory ensured: data
2025-08-12 09:56:35,624 - __main__ - INFO - ðŸ“ Directory ensured: models
2025-08-12 09:56:35,624 - __main__ - INFO - ðŸ“ Directory ensured: results
2025-08-12 09:56:35,624 - __main__ - INFO - ðŸ“ Directory ensured: logs
2025-08-12 09:56:35,624 - __main__ - INFO - ðŸ“ Directory ensured: reports
2025-08-12 09:56:35,624 - __main__ - INFO - ðŸ“ Directory ensured: cache
2025-08-12 09:56:35,624 - __main__ - INFO - ðŸ“ Directory ensured: cache/temp
2025-08-12 09:56:35,624 - __main__ - INFO - ðŸ“ Directory ensured: cache/backup
2025-08-12 09:56:35,624 - __main__ - INFO - âœ… Environment setup complete
2025-08-12 09:56:35,624 - __main__ - INFO - ðŸš€ Starting enhanced data processing...
2025-08-12 09:56:35,624 - __main__ - INFO - ðŸ“¥ Loading and processing data...
2025-08-12 09:56:35,624 - __main__ - INFO - ðŸ” Auto-detecting data parameters...
2025-08-12 09:56:35,624 - __main__ - INFO - ðŸ“Š File size: 1.94 MB
2025-08-12 09:56:35,625 - __main__ - INFO - ðŸŽ¯ Auto-detected parameters: {'chunk_size': 200, 'use_numba': False, 'max_features': 100, 'pca_components': 30}
2025-08-12 09:56:37,157 - data_processor - INFO - SmartDataProcessor initialized with 4 workers
2025-08-12 09:56:37,157 - data_processor - INFO - Auto-detection enabled: True
2025-08-12 09:56:37,157 - __main__ - INFO - ðŸ”„ Processing data with auto-detection...
2025-08-12 09:56:37,157 - data_processor - INFO - Loading and processing data from QQQ_20250809_155753_cleaned_v2.csv
2025-08-12 09:56:37,157 - data_processor - INFO - Loading data from QQQ_20250809_155753_cleaned_v2.csv
2025-08-12 09:56:37,157 - data_processor - INFO - Available memory: 2.48 GB
2025-08-12 09:56:37,175 - data_processor - INFO - Date column processed, valid dates: 3769
2025-08-12 09:56:37,175 - data_processor - INFO - Data loaded successfully: (3769, 32)
2025-08-12 09:56:37,176 - data_processor - INFO - Assessing data quality...
2025-08-12 09:56:37,184 - data_processor - INFO - Data quality metrics: {'null_ratio': 1.0, 'inf_ratio': 1.0, 'constant_ratio': 1.0, 'duplicate_ratio': 1.0}
2025-08-12 09:56:37,184 - data_processor - INFO - Overall quality score: 1.000
2025-08-12 09:56:37,184 - data_processor - INFO - Auto-detecting optimal splits...
2025-08-12 09:56:37,188 - data_processor - INFO - Optimal splits detected: {'train_ratio': 0.7, 'train_size': 2638, 'test_size': 1131, 'split_type': 'stratified', 'score': 0.9959561975587701}
2025-08-12 09:56:37,188 - data_processor - INFO - Auto-cleaning data...
2025-08-12 09:56:37,199 - data_processor - INFO - Auto-cleaning complete. Shape: (3769, 32) -> (3769, 31)
2025-08-12 09:56:37,199 - data_processor - INFO - Cleaning steps: ['removed_1_constant_columns', 'dtype_optimization']
2025-08-12 09:56:37,199 - data_processor - INFO - Auto-engineering features...
2025-08-12 09:56:37,199 - data_processor - INFO - Feature plan: {'price_features': True, 'technical_indicators': True, 'rolling_features': True, 'volatility_features': True, 'correlation_features': True, 'custom_features': True, 'volume_features': True}
2025-08-12 09:56:37,370 - data_processor - INFO - Auto-selecting optimal features...
2025-08-12 09:56:37,384 - data_processor - WARNING - Feature selection failed: Input X contains NaN.. Using all features.
2025-08-12 09:56:37,385 - data_processor - INFO - Preparing walk-forward data...
2025-08-12 09:56:37,393 - data_processor - INFO - Selected 583 numeric feature columns
2025-08-12 09:56:37,393 - data_processor - INFO - Feature columns: ['Open', 'High', 'Low', 'Close', 'Volume', 'Daily_Return', 'Price_Range', 'Price_Range_Pct', 'Typical_Price', 'VWAP']...
2025-08-12 09:56:37,397 - data_processor - INFO - NaN values in X before final cleaning: 35032
2025-08-12 09:56:37,397 - data_processor - INFO - NaN values in y before final cleaning: 0
2025-08-12 09:56:37,413 - data_processor - INFO - Walk-forward data prepared: X=(3769, 583), y=(3769,)
2025-08-12 09:56:37,415 - data_processor - INFO - Final NaN check - X: 0, y: 0
2025-08-12 09:56:37,415 - data_processor - INFO - Assessing data quality...
2025-08-12 09:56:37,515 - data_processor - INFO - Data quality metrics: {'null_ratio': 0.9841114988899547, 'inf_ratio': 1.0, 'constant_ratio': 1.0, 'duplicate_ratio': 1.0}
2025-08-12 09:56:37,516 - data_processor - INFO - Overall quality score: 0.996
2025-08-12 09:56:37,516 - data_processor - INFO - Final data quality score: 0.996
2025-08-12 09:56:37,516 - __main__ - INFO - âœ… Data processing complete. Shape: (3769, 585)
2025-08-12 09:56:37,516 - __main__ - INFO - ðŸŽ¯ Feature count: 585
2025-08-12 09:56:37,516 - __main__ - INFO - ðŸ”„ Preparing walk-forward data...
2025-08-12 09:56:37,516 - data_processor - INFO - SmartDataProcessor initialized with 4 workers
2025-08-12 09:56:37,516 - data_processor - INFO - Auto-detection enabled: True
2025-08-12 09:56:37,516 - data_processor - INFO - Preparing walk-forward data...
2025-08-12 09:56:37,524 - data_processor - INFO - Selected 583 numeric feature columns
2025-08-12 09:56:37,524 - data_processor - INFO - Feature columns: ['Open', 'High', 'Low', 'Close', 'Volume', 'Daily_Return', 'Price_Range', 'Price_Range_Pct', 'Typical_Price', 'VWAP']...
2025-08-12 09:56:37,528 - data_processor - INFO - NaN values in X before final cleaning: 35032
2025-08-12 09:56:37,528 - data_processor - INFO - NaN values in y before final cleaning: 0
2025-08-12 09:56:37,542 - data_processor - INFO - Walk-forward data prepared: X=(3769, 583), y=(3769,)
2025-08-12 09:56:37,543 - data_processor - INFO - Final NaN check - X: 0, y: 0
2025-08-12 09:56:37,544 - __main__ - INFO - ðŸ¤– Starting ensemble optimization...
2025-08-12 09:56:37,544 - __main__ - INFO - ðŸ¤– Running ensemble optimization...
2025-08-12 09:56:37,866 - models - INFO - ModelEnsemble initialized with 4 jobs
2025-08-12 09:56:37,867 - models - INFO - Initialized 9 base models
2025-08-12 09:56:37,867 - __main__ - INFO - ðŸ”§ Auto-tuning hyperparameters...
2025-08-12 09:56:37,867 - models - INFO - Starting individual model optimization...
2025-08-12 09:56:37,868 - models - INFO - Optimizing RandomForest...
2025-08-12 09:56:37,868 - models - INFO - Optimizing GradientBoosting...
2025-08-12 09:56:37,868 - models - INFO - Optimizing XGBoost...
2025-08-12 09:56:37,869 - models - INFO - Optimizing LightGBM...
2025-08-12 09:57:39,078 - models - INFO - Optimizing CatBoost...
2025-08-12 10:05:53,647 - models - INFO - Optimizing ElasticNet...
2025-08-12 10:06:13,551 - models - INFO - Optimizing Ridge...
2025-08-12 10:06:15,469 - models - INFO - Optimizing SVM...
2025-08-12 10:06:15,901 - models - INFO - Optimizing NeuralNetwork...
2025-08-12 10:06:15,914 - models - ERROR - Error optimizing NeuralNetwork: sklearn.neural_network._multilayer_perceptron.MLPRegressor() got multiple values for keyword argument 'verbose'
2025-08-12 10:06:15,915 - models - ERROR - Model parameters: {'activation': 'relu', 'alpha': 0.0001, 'batch_size': 'auto', 'beta_1': 0.9, 'beta_2': 0.999, 'early_stopping': True, 'epsilon': 1e-08, 'hidden_layer_sizes': (100, 50), 'learning_rate': 'adaptive', 'learning_rate_init': 0.001, 'loss': 'squared_error', 'max_fun': 15000, 'max_iter': 1000, 'momentum': 0.9, 'n_iter_no_change': 10, 'nesterovs_momentum': True, 'power_t': 0.5, 'random_state': 42, 'shuffle': True, 'solver': 'adam', 'tol': 0.0001, 'validation_fraction': 0.1, 'verbose': 0, 'warm_start': False}
2025-08-12 10:06:15,915 - models - ERROR - Grid parameters: {'hidden_layer_sizes': [(50,), (100,), (100, 50)], 'alpha': [0.0001, 0.01], 'learning_rate': ['adaptive']}
2025-08-12 10:06:15,918 - models - ERROR - Traceback: Traceback (most recent call last):
  File "/Users/jake/Documents/Git/Search/models.py", line 347, in optimize_model_wrapper
    nn_model = MLPRegressor(
               ^^^^^^^^^^^^^
TypeError: sklearn.neural_network._multilayer_perceptron.MLPRegressor() got multiple values for keyword argument 'verbose'

2025-08-12 10:33:17,328 - data_processor - INFO - Shutdown signal received. Cleaning up...
2025-08-12 10:33:17,976 - data_processor - INFO - Shutdown signal received. Cleaning up...
2025-08-12 10:33:18,030 - __main__ - INFO - ðŸ§¹ Cleanup completed
2025-08-12 10:33:18,188 - data_processor - INFO - Shutdown signal received. Cleaning up...
